<?xml version="1.0" encoding="UTF-8"?>
<!-- Generated by org.testng.reporters.JUnitReportReporter -->
<testsuite skipped="0" hostname="Majdi-MacBook-Pro.local" name="com.iqvia.practicalAssessment.spec.CapitalApi" tests="2" failures="0" timestamp="2020-08-31T22:35:01 EEST" time="8.778" errors="0">
  <testcase name="verify_api_response_schema_for_non_existing_capital" time="0.501" classname="com.iqvia.practicalAssessment.spec.CapitalApi"/>
  <system-out/>
  <testcase name="verify_api_response_for_existing_capital" time="8.277" classname="com.iqvia.practicalAssessment.spec.CapitalApi"/>
  <system-out/>
</testsuite> <!-- com.iqvia.practicalAssessment.spec.CapitalApi -->
